c:\users\yuuki\desktop\rabbitengine\rabbitgameproject\directxtk\bin\desktop_2015\win32\debug\directxtk.pdb
c:\users\yuuki\desktop\rabbitengine\rabbitgameproject\directxtk\bin\desktop_2015\win32\debug\directxtk.idb
c:\users\yuuki\desktop\rabbitengine\rabbitgameproject\directxtk\bin\desktop_2015\win32\debug\gamepad.obj
c:\users\yuuki\desktop\rabbitengine\rabbitgameproject\directxtk\bin\desktop_2015\win32\debug\geometricprimitive.obj
c:\users\yuuki\desktop\rabbitengine\rabbitgameproject\directxtk\bin\desktop_2015\win32\debug\geometry.obj
c:\users\yuuki\desktop\rabbitengine\rabbitgameproject\directxtk\bin\desktop_2015\win32\debug\graphicsmemory.obj
c:\users\yuuki\desktop\rabbitengine\rabbitgameproject\directxtk\bin\desktop_2015\win32\debug\keyboard.obj
c:\users\yuuki\desktop\rabbitengine\rabbitgameproject\directxtk\bin\desktop_2015\win32\debug\model.obj
c:\users\yuuki\desktop\rabbitengine\rabbitgameproject\directxtk\bin\desktop_2015\win32\debug\modelloadcmo.obj
c:\users\yuuki\desktop\rabbitengine\rabbitgameproject\directxtk\bin\desktop_2015\win32\debug\modelloadsdkmesh.obj
c:\users\yuuki\desktop\rabbitengine\rabbitgameproject\directxtk\bin\desktop_2015\win32\debug\modelloadvbo.obj
c:\users\yuuki\desktop\rabbitengine\rabbitgameproject\directxtk\bin\desktop_2015\win32\debug\mouse.obj
c:\users\yuuki\desktop\rabbitengine\rabbitgameproject\directxtk\bin\desktop_2015\win32\debug\normalmapeffect.obj
c:\users\yuuki\desktop\rabbitengine\rabbitgameproject\directxtk\bin\desktop_2015\win32\debug\screengrab.obj
c:\users\yuuki\desktop\rabbitengine\rabbitgameproject\directxtk\bin\desktop_2015\win32\debug\simplemath.obj
c:\users\yuuki\desktop\rabbitengine\rabbitgameproject\directxtk\bin\desktop_2015\win32\debug\skinnedeffect.obj
c:\users\yuuki\desktop\rabbitengine\rabbitgameproject\directxtk\bin\desktop_2015\win32\debug\spritebatch.obj
c:\users\yuuki\desktop\rabbitengine\rabbitgameproject\directxtk\bin\desktop_2015\win32\debug\primitivebatch.obj
c:\users\yuuki\desktop\rabbitengine\rabbitgameproject\directxtk\bin\desktop_2015\win32\debug\spritefont.obj
c:\users\yuuki\desktop\rabbitengine\rabbitgameproject\directxtk\bin\desktop_2015\win32\debug\tonemappostprocess.obj
c:\users\yuuki\desktop\rabbitengine\rabbitgameproject\directxtk\bin\desktop_2015\win32\debug\vertextypes.obj
c:\users\yuuki\desktop\rabbitengine\rabbitgameproject\directxtk\bin\desktop_2015\win32\debug\wictextureloader.obj
c:\users\yuuki\desktop\rabbitengine\rabbitgameproject\directxtk\bin\desktop_2015\win32\debug\alphatesteffect.obj
c:\users\yuuki\desktop\rabbitengine\rabbitgameproject\directxtk\bin\desktop_2015\win32\debug\basiceffect.obj
c:\users\yuuki\desktop\rabbitengine\rabbitgameproject\directxtk\bin\desktop_2015\win32\debug\basicpostprocess.obj
c:\users\yuuki\desktop\rabbitengine\rabbitgameproject\directxtk\bin\desktop_2015\win32\debug\commonstates.obj
c:\users\yuuki\desktop\rabbitengine\rabbitgameproject\directxtk\bin\desktop_2015\win32\debug\ddstextureloader.obj
c:\users\yuuki\desktop\rabbitengine\rabbitgameproject\directxtk\bin\desktop_2015\win32\debug\dgsleffect.obj
c:\users\yuuki\desktop\rabbitengine\rabbitgameproject\directxtk\bin\desktop_2015\win32\debug\dgsleffectfactory.obj
c:\users\yuuki\desktop\rabbitengine\rabbitgameproject\directxtk\bin\desktop_2015\win32\debug\dualpostprocess.obj
c:\users\yuuki\desktop\rabbitengine\rabbitgameproject\directxtk\bin\desktop_2015\win32\debug\dualtextureeffect.obj
c:\users\yuuki\desktop\rabbitengine\rabbitgameproject\directxtk\bin\desktop_2015\win32\debug\binaryreader.obj
c:\users\yuuki\desktop\rabbitengine\rabbitgameproject\directxtk\bin\desktop_2015\win32\debug\effectcommon.obj
c:\users\yuuki\desktop\rabbitengine\rabbitgameproject\directxtk\bin\desktop_2015\win32\debug\effectfactory.obj
c:\users\yuuki\desktop\rabbitengine\rabbitgameproject\directxtk\bin\desktop_2015\win32\debug\environmentmapeffect.obj
c:\users\yuuki\desktop\rabbitengine\rabbitgameproject\directxtk\bin\desktop_2015\win32\debug\directxtk.pch
c:\users\yuuki\desktop\rabbitengine\rabbitgameproject\directxtk\bin\desktop_2015\win32\debug\pch.obj
c:\users\yuuki\desktop\rabbitengine\rabbitgameproject\directxtk\bin\desktop_2015\win32\debug\directxtk.lib
c:\users\yuuki\desktop\rabbitengine\rabbitgameproject\directxtk\bin\desktop_2015\win32\debug\directxt.e0b52ae7.tlog\cl.3652.read.1.tlog
c:\users\yuuki\desktop\rabbitengine\rabbitgameproject\directxtk\bin\desktop_2015\win32\debug\directxt.e0b52ae7.tlog\cl.3652.write.1.tlog
c:\users\yuuki\desktop\rabbitengine\rabbitgameproject\directxtk\bin\desktop_2015\win32\debug\directxt.e0b52ae7.tlog\cl.command.1.tlog
c:\users\yuuki\desktop\rabbitengine\rabbitgameproject\directxtk\bin\desktop_2015\win32\debug\directxt.e0b52ae7.tlog\lib.4620-link.read.1.tlog
c:\users\yuuki\desktop\rabbitengine\rabbitgameproject\directxtk\bin\desktop_2015\win32\debug\directxt.e0b52ae7.tlog\lib.4620-link.write.1.tlog
c:\users\yuuki\desktop\rabbitengine\rabbitgameproject\directxtk\bin\desktop_2015\win32\debug\directxt.e0b52ae7.tlog\lib.command.1.tlog
