c:\users\yuuki\desktop\directxshootinggame\direct3d win32 game1\direct3d win32 game1\x64\debug\direct3d win32 game1.pch
c:\users\yuuki\desktop\directxshootinggame\direct3d win32 game1\direct3d win32 game1\x64\debug\vc140.pdb
c:\users\yuuki\desktop\directxshootinggame\direct3d win32 game1\direct3d win32 game1\x64\debug\vc140.idb
c:\users\yuuki\desktop\directxshootinggame\direct3d win32 game1\direct3d win32 game1\x64\debug\pch.obj
c:\users\yuuki\desktop\directxshootinggame\direct3d win32 game1\direct3d win32 game1\x64\debug\game.obj
c:\users\yuuki\desktop\directxshootinggame\direct3d win32 game1\direct3d win32 game1\x64\debug\main.obj
c:\users\yuuki\desktop\directxshootinggame\direct3d win32 game1\direct3d win32 game1\x64\debug\mainscene.obj
c:\users\yuuki\desktop\directxshootinggame\direct3d win32 game1\direct3d win32 game1\x64\debug\scene.obj
c:\users\yuuki\desktop\directxshootinggame\direct3d win32 game1\x64\debug\direct3d win32 game1.lib
c:\users\yuuki\desktop\directxshootinggame\direct3d win32 game1\x64\debug\direct3d win32 game1.exp
c:\users\yuuki\desktop\directxshootinggame\direct3d win32 game1\x64\debug\direct3d win32 game1.ilk
c:\users\yuuki\desktop\directxshootinggame\direct3d win32 game1\x64\debug\direct3d win32 game1.exe
c:\users\yuuki\desktop\directxshootinggame\direct3d win32 game1\x64\debug\direct3d win32 game1.pdb
c:\users\yuuki\desktop\directxshootinggame\direct3d win32 game1\direct3d win32 game1\x64\debug\resource.res
c:\users\yuuki\desktop\directxshootinggame\direct3d win32 game1\direct3d win32 game1\x64\debug\direct3d win32 game1.exe.embed.manifest.res
c:\users\yuuki\desktop\directxshootinggame\direct3d win32 game1\direct3d win32 game1\x64\debug\direct3d win32 game1.vcxprojresolveassemblyreference.cache
c:\users\yuuki\desktop\directxshootinggame\direct3d win32 game1\direct3d win32 game1\x64\debug\direct3d win32 game1.exe.embed.manifest
c:\users\yuuki\desktop\directxshootinggame\direct3d win32 game1\direct3d win32 game1\x64\debug\direct3d win32 game1_manifest.rc
c:\users\yuuki\desktop\directxshootinggame\direct3d win32 game1\direct3d win32 game1\x64\debug\direct3d.a92961c1.tlog\cl.command.1.tlog
c:\users\yuuki\desktop\directxshootinggame\direct3d win32 game1\direct3d win32 game1\x64\debug\direct3d.a92961c1.tlog\cl.read.1.tlog
c:\users\yuuki\desktop\directxshootinggame\direct3d win32 game1\direct3d win32 game1\x64\debug\direct3d.a92961c1.tlog\cl.write.1.tlog
c:\users\yuuki\desktop\directxshootinggame\direct3d win32 game1\direct3d win32 game1\x64\debug\direct3d.a92961c1.tlog\direct3d win32 game1.write.1u.tlog
c:\users\yuuki\desktop\directxshootinggame\direct3d win32 game1\direct3d win32 game1\x64\debug\direct3d.a92961c1.tlog\link.command.1.tlog
c:\users\yuuki\desktop\directxshootinggame\direct3d win32 game1\direct3d win32 game1\x64\debug\direct3d.a92961c1.tlog\link.read.1.tlog
c:\users\yuuki\desktop\directxshootinggame\direct3d win32 game1\direct3d win32 game1\x64\debug\direct3d.a92961c1.tlog\link.write.1.tlog
c:\users\yuuki\desktop\directxshootinggame\direct3d win32 game1\direct3d win32 game1\x64\debug\direct3d.a92961c1.tlog\rc.command.1.tlog
c:\users\yuuki\desktop\directxshootinggame\direct3d win32 game1\direct3d win32 game1\x64\debug\direct3d.a92961c1.tlog\rc.read.1.tlog
c:\users\yuuki\desktop\directxshootinggame\direct3d win32 game1\direct3d win32 game1\x64\debug\direct3d.a92961c1.tlog\rc.write.1.tlog
